#! /usr/bin/vvp
:ivl_version "12.0 (stable)";
:ivl_delay_selection "TYPICAL";
:vpi_time_precision - 12;
:vpi_module "/usr/lib/x86_64-linux-gnu/ivl/system.vpi";
:vpi_module "/usr/lib/x86_64-linux-gnu/ivl/vhdl_sys.vpi";
:vpi_module "/usr/lib/x86_64-linux-gnu/ivl/vhdl_textio.vpi";
:vpi_module "/usr/lib/x86_64-linux-gnu/ivl/v2005_math.vpi";
:vpi_module "/usr/lib/x86_64-linux-gnu/ivl/va_math.vpi";
S_0x595698551190 .scope module, "tb" "tb" 2 34;
 .timescale -9 -12;
v0x59569856c000_0 .var "a", 0 0;
v0x59569856c0c0_0 .var "b", 0 0;
v0x59569856c190_0 .var "cin", 0 0;
v0x59569856c290_0 .var "clk", 0 0;
v0x59569856c360_0 .net "cout", 0 0, v0x59569856bc20_0;  1 drivers
v0x59569856c400_0 .var/i "i", 31 0;
v0x59569856c4a0_0 .var "num1", 7 0;
v0x59569856c540_0 .var "num2", 7 0;
v0x59569856c5e0_0 .var "reset", 0 0;
v0x59569856c6b0_0 .net "s", 0 0, v0x59569856be60_0;  1 drivers
v0x59569856c780_0 .var "sum_res", 8 0;
S_0x595698551320 .scope module, "uut" "serial_adder" 2 50, 2 2 0, S_0x595698551190;
 .timescale -9 -12;
    .port_info 0 /INPUT 1 "clk";
    .port_info 1 /INPUT 1 "reset";
    .port_info 2 /INPUT 1 "a";
    .port_info 3 /INPUT 1 "b";
    .port_info 4 /INPUT 1 "cin";
    .port_info 5 /OUTPUT 1 "s";
    .port_info 6 /OUTPUT 1 "cout";
v0x595698515490_0 .net "a", 0 0, v0x59569856c000_0;  1 drivers
v0x59569856b8f0_0 .net "b", 0 0, v0x59569856c0c0_0;  1 drivers
v0x59569856b9b0_0 .var "c", 0 0;
v0x59569856ba50_0 .net "cin", 0 0, v0x59569856c190_0;  1 drivers
v0x59569856bb10_0 .net "clk", 0 0, v0x59569856c290_0;  1 drivers
v0x59569856bc20_0 .var "cout", 0 0;
v0x59569856bce0_0 .var "flag", 0 0;
v0x59569856bda0_0 .net "reset", 0 0, v0x59569856c5e0_0;  1 drivers
v0x59569856be60_0 .var "s", 0 0;
E_0x59569854e660 .event posedge, v0x59569856bda0_0, v0x59569856bb10_0;
    .scope S_0x595698551320;
T_0 ;
    %wait E_0x59569854e660;
    %load/vec4 v0x59569856bda0_0;
    %pad/u 32;
    %cmpi/e 1, 0, 32;
    %jmp/0xz  T_0.0, 4;
    %pushi/vec4 0, 0, 1;
    %store/vec4 v0x59569856be60_0, 0, 1;
    %load/vec4 v0x59569856b9b0_0;
    %store/vec4 v0x59569856bc20_0, 0, 1;
    %pushi/vec4 0, 0, 1;
    %store/vec4 v0x59569856bce0_0, 0, 1;
    %jmp T_0.1;
T_0.0 ;
    %load/vec4 v0x59569856bce0_0;
    %pad/u 32;
    %cmpi/e 0, 0, 32;
    %jmp/0xz  T_0.2, 4;
    %load/vec4 v0x59569856ba50_0;
    %store/vec4 v0x59569856b9b0_0, 0, 1;
    %pushi/vec4 1, 0, 1;
    %store/vec4 v0x59569856bce0_0, 0, 1;
T_0.2 ;
    %pushi/vec4 0, 0, 1;
    %store/vec4 v0x59569856bc20_0, 0, 1;
    %load/vec4 v0x595698515490_0;
    %load/vec4 v0x59569856b8f0_0;
    %xor;
    %load/vec4 v0x59569856b9b0_0;
    %xor;
    %store/vec4 v0x59569856be60_0, 0, 1;
    %load/vec4 v0x595698515490_0;
    %load/vec4 v0x59569856b8f0_0;
    %and;
    %load/vec4 v0x59569856b9b0_0;
    %load/vec4 v0x59569856b8f0_0;
    %and;
    %or;
    %load/vec4 v0x595698515490_0;
    %load/vec4 v0x59569856b9b0_0;
    %and;
    %or;
    %store/vec4 v0x59569856b9b0_0, 0, 1;
T_0.1 ;
    %jmp T_0;
    .thread T_0;
    .scope S_0x595698551190;
T_1 ;
    %delay 5000, 0;
    %load/vec4 v0x59569856c290_0;
    %inv;
    %store/vec4 v0x59569856c290_0, 0, 1;
    %jmp T_1;
    .thread T_1;
    .scope S_0x595698551190;
T_2 ;
    %vpi_call 2 55 "$dumpfile", "serial_adder.vcd" {0 0 0};
    %vpi_call 2 56 "$dumpvars", 32'sb00000000000000000000000000000000, S_0x595698551190 {0 0 0};
    %pushi/vec4 1, 0, 1;
    %store/vec4 v0x59569856c290_0, 0, 1;
    %pushi/vec4 1, 0, 1;
    %store/vec4 v0x59569856c5e0_0, 0, 1;
    %pushi/vec4 0, 0, 9;
    %store/vec4 v0x59569856c780_0, 0, 9;
    %pushi/vec4 0, 0, 1;
    %store/vec4 v0x59569856c000_0, 0, 1;
    %pushi/vec4 0, 0, 1;
    %store/vec4 v0x59569856c0c0_0, 0, 1;
    %pushi/vec4 0, 0, 1;
    %store/vec4 v0x59569856c190_0, 0, 1;
    %delay 20000, 0;
    %pushi/vec4 0, 0, 1;
    %store/vec4 v0x59569856c5e0_0, 0, 1;
    %vpi_func 2 67 "$random" 32 {0 0 0};
    %pushi/vec4 255, 0, 32;
    %and;
    %pad/u 8;
    %store/vec4 v0x59569856c4a0_0, 0, 8;
    %vpi_func 2 68 "$random" 32 {0 0 0};
    %pushi/vec4 255, 0, 32;
    %and;
    %pad/u 8;
    %store/vec4 v0x59569856c540_0, 0, 8;
    %pushi/vec4 0, 0, 1;
    %store/vec4 v0x59569856c190_0, 0, 1;
    %pushi/vec4 0, 0, 9;
    %store/vec4 v0x59569856c780_0, 0, 9;
    %pushi/vec4 0, 0, 32;
    %store/vec4 v0x59569856c400_0, 0, 32;
T_2.0 ;
    %load/vec4 v0x59569856c400_0;
    %cmpi/s 9, 0, 32;
    %jmp/0xz T_2.1, 5;
    %load/vec4 v0x59569856c4a0_0;
    %pad/u 32;
    %load/vec4 v0x59569856c400_0;
    %ix/vec4 4;
    %shiftr 4;
    %pushi/vec4 1, 0, 32;
    %and;
    %pad/u 1;
    %store/vec4 v0x59569856c000_0, 0, 1;
    %load/vec4 v0x59569856c540_0;
    %pad/u 32;
    %load/vec4 v0x59569856c400_0;
    %ix/vec4 4;
    %shiftr 4;
    %pushi/vec4 1, 0, 32;
    %and;
    %pad/u 1;
    %store/vec4 v0x59569856c0c0_0, 0, 1;
    %delay 10000, 0;
    %load/vec4 v0x59569856c780_0;
    %load/vec4 v0x59569856c6b0_0;
    %pad/u 9;
    %load/vec4 v0x59569856c400_0;
    %ix/vec4 4;
    %shiftl 4;
    %or;
    %store/vec4 v0x59569856c780_0, 0, 9;
    %load/vec4 v0x59569856c400_0;
    %addi 1, 0, 32;
    %store/vec4 v0x59569856c400_0, 0, 32;
    %jmp T_2.0;
T_2.1 ;
    %vpi_call 2 79 "$display", "number 1 = %d\011number 2 = %d ", v0x59569856c4a0_0, v0x59569856c540_0 {0 0 0};
    %vpi_call 2 80 "$display", " Final sum in decimal: %d", v0x59569856c780_0 {0 0 0};
    %delay 10000, 0;
    %pushi/vec4 1, 0, 1;
    %store/vec4 v0x59569856c5e0_0, 0, 1;
    %delay 10000, 0;
    %vpi_call 2 84 "$finish" {0 0 0};
    %end;
    .thread T_2;
# The file index is used to find the file name in the following table.
:file_names 3;
    "N/A";
    "<interactive>";
    "serial.v";
